<?xml version="1.0" encoding="UTF-8" ?>
<testsuite tests="6" failures="0" name="at.fhj.iit.CalculatorTest" time="0.028" errors="0" skipped="0">
  <properties>
[...]
</properties>
  <testcase classname="at.fhj.iit.CalculatorTest" name="testAdd" time="0.002"/>
  <testcase classname="at.fhj.iit.CalculatorTest" name="testMinus" time="0"/>
  <testcase classname="at.fhj.iit.CalculatorTest" name="testAdd2" time="0"/>
  <testcase classname="at.fhj.iit.CalculatorTest" name="testDivideWithNull" time="0.025"/>
  <testcase classname="at.fhj.iit.CalculatorTest" name="testDivide" time="0"/>
  <testcase classname="at.fhj.iit.CalculatorTest" name="testMultiply" time="0.001"/>
</testsuite>